<?xml version="1.0" encoding="UTF-8"?>
<testsuite xmlns:xsi="http://www.w3.org/2001/XMLSchema-instance" xsi:noNamespaceSchemaLocation="https://maven.apache.org/surefire/maven-surefire-plugin/xsd/surefire-test-report-3.0.xsd" version="3.0" name="TestSuite" time="6.739" tests="10" errors="0" skipped="0" failures="0">
  <properties>
    <property name="java.specification.version" value="14"/>
    <property name="sun.cpu.isalist" value="amd64"/>
    <property name="sun.jnu.encoding" value="Cp1252"/>
    <property name="java.class.path" value="D:\Users\BSebast1\git\API_Framework\apiFramework\target\test-classes;D:\Users\BSebast1\git\API_Framework\apiFramework\target\classes;D:\Users\BSebast1\.m2\repository\org\testng\testng\6.14.3\testng-6.14.3.jar;D:\Users\BSebast1\.m2\repository\com\beust\jcommander\1.72\jcommander-1.72.jar;D:\Users\BSebast1\.m2\repository\org\apache-extras\beanshell\bsh\2.0b6\bsh-2.0b6.jar;D:\Users\BSebast1\.m2\repository\io\rest-assured\rest-assured\4.3.0\rest-assured-4.3.0.jar;D:\Users\BSebast1\.m2\repository\org\codehaus\groovy\groovy\3.0.2\groovy-3.0.2.jar;D:\Users\BSebast1\.m2\repository\org\codehaus\groovy\groovy-xml\3.0.2\groovy-xml-3.0.2.jar;D:\Users\BSebast1\.m2\repository\org\apache\httpcomponents\httpclient\4.5.3\httpclient-4.5.3.jar;D:\Users\BSebast1\.m2\repository\org\apache\httpcomponents\httpcore\4.4.6\httpcore-4.4.6.jar;D:\Users\BSebast1\.m2\repository\commons-logging\commons-logging\1.2\commons-logging-1.2.jar;D:\Users\BSebast1\.m2\repository\org\apache\httpcomponents\httpmime\4.5.3\httpmime-4.5.3.jar;D:\Users\BSebast1\.m2\repository\org\hamcrest\hamcrest\2.1\hamcrest-2.1.jar;D:\Users\BSebast1\.m2\repository\org\ccil\cowan\tagsoup\tagsoup\1.2.1\tagsoup-1.2.1.jar;D:\Users\BSebast1\.m2\repository\io\rest-assured\json-path\4.3.0\json-path-4.3.0.jar;D:\Users\BSebast1\.m2\repository\org\codehaus\groovy\groovy-json\3.0.2\groovy-json-3.0.2.jar;D:\Users\BSebast1\.m2\repository\io\rest-assured\rest-assured-common\4.3.0\rest-assured-common-4.3.0.jar;D:\Users\BSebast1\.m2\repository\io\rest-assured\xml-path\4.3.0\xml-path-4.3.0.jar;D:\Users\BSebast1\.m2\repository\org\apache\commons\commons-lang3\3.4\commons-lang3-3.4.jar;D:\Users\BSebast1\.m2\repository\jakarta\xml\bind\jakarta.xml.bind-api\2.3.2\jakarta.xml.bind-api-2.3.2.jar;D:\Users\BSebast1\.m2\repository\jakarta\activation\jakarta.activation-api\1.2.1\jakarta.activation-api-1.2.1.jar;D:\Users\BSebast1\.m2\repository\com\sun\xml\bind\jaxb-osgi\2.3.0.1\jaxb-osgi-2.3.0.1.jar;D:\Users\BSebast1\.m2\repository\org\apache\sling\org.apache.sling.javax.activation\0.1.0\org.apache.sling.javax.activation-0.1.0.jar;D:\Users\BSebast1\.m2\repository\javax\activation\activation\1.1.1\activation-1.1.1.jar;D:\Users\BSebast1\.m2\repository\com\googlecode\json-simple\json-simple\1.1.1\json-simple-1.1.1.jar;D:\Users\BSebast1\.m2\repository\junit\junit\4.10\junit-4.10.jar;D:\Users\BSebast1\.m2\repository\org\hamcrest\hamcrest-core\1.1\hamcrest-core-1.1.jar;D:\Users\BSebast1\.m2\repository\org\apache\poi\poi\4.1.2\poi-4.1.2.jar;D:\Users\BSebast1\.m2\repository\commons-codec\commons-codec\1.13\commons-codec-1.13.jar;D:\Users\BSebast1\.m2\repository\org\apache\commons\commons-collections4\4.4\commons-collections4-4.4.jar;D:\Users\BSebast1\.m2\repository\org\apache\commons\commons-math3\3.6.1\commons-math3-3.6.1.jar;D:\Users\BSebast1\.m2\repository\com\zaxxer\SparseBitSet\1.2\SparseBitSet-1.2.jar;D:\Users\BSebast1\.m2\repository\commons-io\commons-io\2.6\commons-io-2.6.jar;D:\Users\BSebast1\.m2\repository\org\apache\poi\poi-ooxml\4.1.2\poi-ooxml-4.1.2.jar;D:\Users\BSebast1\.m2\repository\org\apache\commons\commons-compress\1.19\commons-compress-1.19.jar;D:\Users\BSebast1\.m2\repository\com\github\virtuald\curvesapi\1.06\curvesapi-1.06.jar;D:\Users\BSebast1\.m2\repository\org\apache\poi\poi-ooxml-schemas\4.1.2\poi-ooxml-schemas-4.1.2.jar;D:\Users\BSebast1\.m2\repository\org\apache\xmlbeans\xmlbeans\3.1.0\xmlbeans-3.1.0.jar;D:\Users\BSebast1\.m2\repository\log4j\log4j\1.2.17\log4j-1.2.17.jar;D:\Users\BSebast1\.m2\repository\com\relevantcodes\extentreports\2.41.2\extentreports-2.41.2.jar;D:\Users\BSebast1\.m2\repository\org\jsoup\jsoup\1.8.3\jsoup-1.8.3.jar;D:\Users\BSebast1\.m2\repository\org\xerial\sqlite-jdbc\3.8.11.1\sqlite-jdbc-3.8.11.1.jar;D:\Users\BSebast1\.m2\repository\org\freemarker\freemarker\2.3.23\freemarker-2.3.23.jar;D:\Users\BSebast1\.m2\repository\org\mongodb\mongodb-driver\3.0.4\mongodb-driver-3.0.4.jar;D:\Users\BSebast1\.m2\repository\org\mongodb\bson\3.0.4\bson-3.0.4.jar;D:\Users\BSebast1\.m2\repository\org\mongodb\mongodb-driver-core\3.0.4\mongodb-driver-core-3.0.4.jar;"/>
    <property name="java.vm.vendor" value="Oracle Corporation"/>
    <property name="sun.arch.data.model" value="64"/>
    <property name="user.variant" value=""/>
    <property name="java.vendor.url" value="https://java.oracle.com/"/>
    <property name="user.timezone" value="Asia/Calcutta"/>
    <property name="os.name" value="Windows 10"/>
    <property name="java.vm.specification.version" value="14"/>
    <property name="sun.java.launcher" value="SUN_STANDARD"/>
    <property name="user.country" value="US"/>
    <property name="sun.boot.library.path" value="C:\Program Files\Java\jdk-14\bin"/>
    <property name="sun.java.command" value="D:\Users\BSebast1\AppData\Local\Temp\1\surefire12218097430920316228\surefirebooter9249815253287885243.jar D:\Users\BSebast1\AppData\Local\Temp\1\surefire12218097430920316228 2020-03-26T17-05-31_597-jvmRun1 surefire16443961248607989707tmp surefire_04033100387754730485tmp"/>
    <property name="jdk.debug" value="release"/>
    <property name="surefire.test.class.path" value="D:\Users\BSebast1\git\API_Framework\apiFramework\target\test-classes;D:\Users\BSebast1\git\API_Framework\apiFramework\target\classes;D:\Users\BSebast1\.m2\repository\org\testng\testng\6.14.3\testng-6.14.3.jar;D:\Users\BSebast1\.m2\repository\com\beust\jcommander\1.72\jcommander-1.72.jar;D:\Users\BSebast1\.m2\repository\org\apache-extras\beanshell\bsh\2.0b6\bsh-2.0b6.jar;D:\Users\BSebast1\.m2\repository\io\rest-assured\rest-assured\4.3.0\rest-assured-4.3.0.jar;D:\Users\BSebast1\.m2\repository\org\codehaus\groovy\groovy\3.0.2\groovy-3.0.2.jar;D:\Users\BSebast1\.m2\repository\org\codehaus\groovy\groovy-xml\3.0.2\groovy-xml-3.0.2.jar;D:\Users\BSebast1\.m2\repository\org\apache\httpcomponents\httpclient\4.5.3\httpclient-4.5.3.jar;D:\Users\BSebast1\.m2\repository\org\apache\httpcomponents\httpcore\4.4.6\httpcore-4.4.6.jar;D:\Users\BSebast1\.m2\repository\commons-logging\commons-logging\1.2\commons-logging-1.2.jar;D:\Users\BSebast1\.m2\repository\org\apache\httpcomponents\httpmime\4.5.3\httpmime-4.5.3.jar;D:\Users\BSebast1\.m2\repository\org\hamcrest\hamcrest\2.1\hamcrest-2.1.jar;D:\Users\BSebast1\.m2\repository\org\ccil\cowan\tagsoup\tagsoup\1.2.1\tagsoup-1.2.1.jar;D:\Users\BSebast1\.m2\repository\io\rest-assured\json-path\4.3.0\json-path-4.3.0.jar;D:\Users\BSebast1\.m2\repository\org\codehaus\groovy\groovy-json\3.0.2\groovy-json-3.0.2.jar;D:\Users\BSebast1\.m2\repository\io\rest-assured\rest-assured-common\4.3.0\rest-assured-common-4.3.0.jar;D:\Users\BSebast1\.m2\repository\io\rest-assured\xml-path\4.3.0\xml-path-4.3.0.jar;D:\Users\BSebast1\.m2\repository\org\apache\commons\commons-lang3\3.4\commons-lang3-3.4.jar;D:\Users\BSebast1\.m2\repository\jakarta\xml\bind\jakarta.xml.bind-api\2.3.2\jakarta.xml.bind-api-2.3.2.jar;D:\Users\BSebast1\.m2\repository\jakarta\activation\jakarta.activation-api\1.2.1\jakarta.activation-api-1.2.1.jar;D:\Users\BSebast1\.m2\repository\com\sun\xml\bind\jaxb-osgi\2.3.0.1\jaxb-osgi-2.3.0.1.jar;D:\Users\BSebast1\.m2\repository\org\apache\sling\org.apache.sling.javax.activation\0.1.0\org.apache.sling.javax.activation-0.1.0.jar;D:\Users\BSebast1\.m2\repository\javax\activation\activation\1.1.1\activation-1.1.1.jar;D:\Users\BSebast1\.m2\repository\com\googlecode\json-simple\json-simple\1.1.1\json-simple-1.1.1.jar;D:\Users\BSebast1\.m2\repository\junit\junit\4.10\junit-4.10.jar;D:\Users\BSebast1\.m2\repository\org\hamcrest\hamcrest-core\1.1\hamcrest-core-1.1.jar;D:\Users\BSebast1\.m2\repository\org\apache\poi\poi\4.1.2\poi-4.1.2.jar;D:\Users\BSebast1\.m2\repository\commons-codec\commons-codec\1.13\commons-codec-1.13.jar;D:\Users\BSebast1\.m2\repository\org\apache\commons\commons-collections4\4.4\commons-collections4-4.4.jar;D:\Users\BSebast1\.m2\repository\org\apache\commons\commons-math3\3.6.1\commons-math3-3.6.1.jar;D:\Users\BSebast1\.m2\repository\com\zaxxer\SparseBitSet\1.2\SparseBitSet-1.2.jar;D:\Users\BSebast1\.m2\repository\commons-io\commons-io\2.6\commons-io-2.6.jar;D:\Users\BSebast1\.m2\repository\org\apache\poi\poi-ooxml\4.1.2\poi-ooxml-4.1.2.jar;D:\Users\BSebast1\.m2\repository\org\apache\commons\commons-compress\1.19\commons-compress-1.19.jar;D:\Users\BSebast1\.m2\repository\com\github\virtuald\curvesapi\1.06\curvesapi-1.06.jar;D:\Users\BSebast1\.m2\repository\org\apache\poi\poi-ooxml-schemas\4.1.2\poi-ooxml-schemas-4.1.2.jar;D:\Users\BSebast1\.m2\repository\org\apache\xmlbeans\xmlbeans\3.1.0\xmlbeans-3.1.0.jar;D:\Users\BSebast1\.m2\repository\log4j\log4j\1.2.17\log4j-1.2.17.jar;D:\Users\BSebast1\.m2\repository\com\relevantcodes\extentreports\2.41.2\extentreports-2.41.2.jar;D:\Users\BSebast1\.m2\repository\org\jsoup\jsoup\1.8.3\jsoup-1.8.3.jar;D:\Users\BSebast1\.m2\repository\org\xerial\sqlite-jdbc\3.8.11.1\sqlite-jdbc-3.8.11.1.jar;D:\Users\BSebast1\.m2\repository\org\freemarker\freemarker\2.3.23\freemarker-2.3.23.jar;D:\Users\BSebast1\.m2\repository\org\mongodb\mongodb-driver\3.0.4\mongodb-driver-3.0.4.jar;D:\Users\BSebast1\.m2\repository\org\mongodb\bson\3.0.4\bson-3.0.4.jar;D:\Users\BSebast1\.m2\repository\org\mongodb\mongodb-driver-core\3.0.4\mongodb-driver-core-3.0.4.jar;"/>
    <property name="sun.cpu.endian" value="little"/>
    <property name="user.home" value="D:\Users\BSebast1"/>
    <property name="user.language" value="en"/>
    <property name="java.specification.vendor" value="Oracle Corporation"/>
    <property name="java.version.date" value="2020-03-17"/>
    <property name="java.home" value="C:\Program Files\Java\jdk-14"/>
    <property name="file.separator" value="\"/>
    <property name="basedir" value="D:\Users\BSebast1\git\API_Framework\apiFramework"/>
    <property name="java.vm.compressedOopsMode" value="Zero based"/>
    <property name="line.separator" value="&#10;"/>
    <property name="java.vm.specification.vendor" value="Oracle Corporation"/>
    <property name="java.specification.name" value="Java Platform API Specification"/>
    <property name="surefire.real.class.path" value="D:\Users\BSebast1\AppData\Local\Temp\1\surefire12218097430920316228\surefirebooter9249815253287885243.jar"/>
    <property name="user.script" value=""/>
    <property name="sun.management.compiler" value="HotSpot 64-Bit Tiered Compilers"/>
    <property name="java.runtime.version" value="14+36-1461"/>
    <property name="user.name" value="BSebast1"/>
    <property name="path.separator" value=";"/>
    <property name="os.version" value="10.0"/>
    <property name="java.runtime.name" value="Java(TM) SE Runtime Environment"/>
    <property name="file.encoding" value="Cp1252"/>
    <property name="java.vm.name" value="Java HotSpot(TM) 64-Bit Server VM"/>
    <property name="localRepository" value="D:\Users\BSebast1\.m2\repository"/>
    <property name="java.vendor.url.bug" value="https://bugreport.java.com/bugreport/"/>
    <property name="java.io.tmpdir" value="D:\Users\BSebast1\AppData\Local\Temp\1\"/>
    <property name="java.version" value="14"/>
    <property name="user.dir" value="D:\Users\BSebast1\git\API_Framework\apiFramework"/>
    <property name="os.arch" value="amd64"/>
    <property name="java.vm.specification.name" value="Java Virtual Machine Specification"/>
    <property name="sun.os.patch.level" value=""/>
    <property name="java.library.path" value="C:\Program Files\Java\jdk-14\bin;C:\WINDOWS\Sun\Java\bin;C:\WINDOWS\system32;C:\WINDOWS;C:\ProgramData\Oracle\Java\javapath;C:\WINDOWS\system32;C:\WINDOWS;C:\WINDOWS\System32\Wbem;C:\WINDOWS\System32\WindowsPowerShell\v1.0\;C:\Program Files\Amazon\AWSCLI\bin\;C:\WINDOWS\System32\OpenSSH\;D:\Users\BSebast1\AppData\Local\Microsoft\WindowsApps;C:\Program Files\JetBrains\PyCharm 2019.2\bin;;D:\Users\BSebast1\AppData\Local\Programs\Git\cmd;C:\Program Files\JetBrains\PyCharm Community Edition 2019.2.2\bin;;."/>
    <property name="java.vm.info" value="mixed mode, sharing"/>
    <property name="java.vendor" value="Oracle Corporation"/>
    <property name="java.vm.version" value="14+36-1461"/>
    <property name="sun.io.unicode.encoding" value="UnicodeLittle"/>
    <property name="java.class.version" value="58.0"/>
  </properties>
  <testcase name="CheckContentType" classname="com.employeeapi.tests.Delete_Record" time="0.011"/>
  <testcase name="checkresponsebody" classname="com.employeeapi.tests.Delete_Record" time="0.001"/>
  <testcase name="checkstatuscode" classname="com.employeeapi.tests.Delete_Record" time="0"/>
  <testcase name="checkstatusline" classname="com.employeeapi.tests.Delete_Record" time="0.001"/>
  <testcase name="CheckContentType" classname="com.employeeapi.tests.GetAllEmployees" time="0.001"/>
  <testcase name="CheckContentlength" classname="com.employeeapi.tests.GetAllEmployees" time="0.009"/>
  <testcase name="CheckResponseTime" classname="com.employeeapi.tests.GetAllEmployees" time="0"/>
  <testcase name="checkresponsebody" classname="com.employeeapi.tests.GetAllEmployees" time="0.002"/>
  <testcase name="checkstatuscode" classname="com.employeeapi.tests.GetAllEmployees" time="0"/>
  <testcase name="checkstatusline" classname="com.employeeapi.tests.GetAllEmployees" time="0.015"/>
</testsuite>