<?xml version="1.0" encoding="UTF-8"?>
<!-- Generated by org.testng.reporters.JUnitReportReporter -->
<testsuite skipped="0" hostname="DESKTOP-K3VPPGC" name="com.employeeapi.tests.Delete_Record" tests="4" failures="0" timestamp="26 Mar 2020 05:28:33 GMT" time="0.003" errors="0">
  <testcase name="CheckContentType" time="0.001" classname="com.employeeapi.tests.Delete_Record"/>
  <testcase name="checkstatusline" time="0.000" classname="com.employeeapi.tests.Delete_Record"/>
  <testcase name="checkresponsebody" time="0.002" classname="com.employeeapi.tests.Delete_Record"/>
  <testcase name="checkstatuscode" time="0.000" classname="com.employeeapi.tests.Delete_Record"/>
</testsuite> <!-- com.employeeapi.tests.Delete_Record -->
