<?xml version="1.0" encoding="UTF-8"?>
<!-- Generated by org.testng.reporters.JUnitReportReporter -->
<testsuite skipped="0" hostname="DESKTOP-K3VPPGC" name="com.employeeapi.tests.GetAllEmployees" tests="6" failures="0" timestamp="26 Mar 2020 05:28:33 GMT" time="0.001" errors="0">
  <testcase name="CheckContentType" time="0.000" classname="com.employeeapi.tests.GetAllEmployees"/>
  <testcase name="CheckResponseTime" time="0.000" classname="com.employeeapi.tests.GetAllEmployees"/>
  <testcase name="CheckContentlength" time="0.000" classname="com.employeeapi.tests.GetAllEmployees"/>
  <testcase name="checkstatuscode" time="0.000" classname="com.employeeapi.tests.GetAllEmployees"/>
  <testcase name="checkstatusline" time="0.000" classname="com.employeeapi.tests.GetAllEmployees"/>
  <testcase name="checkresponsebody" time="0.001" classname="com.employeeapi.tests.GetAllEmployees"/>
</testsuite> <!-- com.employeeapi.tests.GetAllEmployees -->
