<?xml version="1.0" encoding="UTF-8"?>
<!-- Generated by org.testng.reporters.JUnitReportReporter -->
<testsuite hostname="DESKTOP-K3VPPGC" failures="0" tests="4" name="com.employeeapi.tests.Delete_Record" time="0.010" errors="0" timestamp="26 Mar 2020 03:56:53 GMT" skipped="0">
  <testcase classname="com.employeeapi.tests.Delete_Record" name="CheckContentType" time="0.005"/>
  <testcase classname="com.employeeapi.tests.Delete_Record" name="checkresponsebody" time="0.004"/>
  <testcase classname="com.employeeapi.tests.Delete_Record" name="checkstatuscode" time="0.001"/>
  <testcase classname="com.employeeapi.tests.Delete_Record" name="checkstatusline" time="0.000"/>
</testsuite> <!-- com.employeeapi.tests.Delete_Record -->
