<?xml version="1.0" encoding="UTF-8"?>
<!-- Generated by org.testng.reporters.JUnitReportReporter -->
<testsuite hostname="DESKTOP-K3VPPGC" failures="0" tests="6" name="com.employeeapi.tests.GetAllEmployees" time="0.005" errors="0" timestamp="26 Mar 2020 03:56:53 GMT" skipped="0">
  <testcase classname="com.employeeapi.tests.GetAllEmployees" name="checkresponsebody" time="0.001"/>
  <testcase classname="com.employeeapi.tests.GetAllEmployees" name="checkstatuscode" time="0.001"/>
  <testcase classname="com.employeeapi.tests.GetAllEmployees" name="CheckContentlength" time="0.001"/>
  <testcase classname="com.employeeapi.tests.GetAllEmployees" name="CheckContentType" time="0.001"/>
  <testcase classname="com.employeeapi.tests.GetAllEmployees" name="checkstatusline" time="0.000"/>
  <testcase classname="com.employeeapi.tests.GetAllEmployees" name="CheckResponseTime" time="0.001"/>
</testsuite> <!-- com.employeeapi.tests.GetAllEmployees -->
